<?xml version="1.0" encoding="UTF-8"?>
<testng-results ignored="0" total="1" passed="1" failed="0" skipped="0">
  <reporter-output>
  </reporter-output>
  <suite started-at="2025-03-31T13:04:27 IST" name="Default suite" finished-at="2025-03-31T13:04:35 IST" duration-ms="7549">
    <groups>
    </groups>
    <test started-at="2025-03-31T13:04:27 IST" name="Default test" finished-at="2025-03-31T13:04:35 IST" duration-ms="7549">
      <class name="Day5.TestClass">
        <test-method signature="JsonResponseWithDataMathod()[pri:0, instance:Day5.TestClass@4bd2f0dc]" started-at="2025-03-31T13:04:27 IST" name="JsonResponseWithDataMathod" finished-at="2025-03-31T13:04:35 IST" duration-ms="7387" status="PASS">
          <reporter-output>
          </reporter-output>
        </test-method> <!-- JsonResponseWithDataMathod -->
      </class> <!-- Day5.TestClass -->
    </test> <!-- Default test -->
  </suite> <!-- Default suite -->
</testng-results>
